<?xml version="1.0" encoding="UTF-8"?>
<testsuite xmlns:xsi="http://www.w3.org/2001/XMLSchema-instance" xsi:noNamespaceSchemaLocation="https://maven.apache.org/surefire/maven-surefire-plugin/xsd/surefire-test-report-3.0.xsd" version="3.0" name="net.buycraft.plugin.shared.util.CouponUtilDurationTest" time="0.006" tests="8" errors="0" skipped="0" failures="0">
  <properties>
[...]
</properties>
  <testcase name="parseDuration[0]" classname="net.buycraft.plugin.shared.util.CouponUtilDurationTest" time="0.001"/>
  <testcase name="parseDuration[1]" classname="net.buycraft.plugin.shared.util.CouponUtilDurationTest" time="0.0"/>
  <testcase name="parseDuration[2]" classname="net.buycraft.plugin.shared.util.CouponUtilDurationTest" time="0.0"/>
  <testcase name="parseDuration[3]" classname="net.buycraft.plugin.shared.util.CouponUtilDurationTest" time="0.0"/>
  <testcase name="parseDuration[4]" classname="net.buycraft.plugin.shared.util.CouponUtilDurationTest" time="0.0"/>
  <testcase name="parseDuration[5]" classname="net.buycraft.plugin.shared.util.CouponUtilDurationTest" time="0.0"/>
  <testcase name="parseDuration[6]" classname="net.buycraft.plugin.shared.util.CouponUtilDurationTest" time="0.0"/>
  <testcase name="parseDuration[7]" classname="net.buycraft.plugin.shared.util.CouponUtilDurationTest" time="0.0"/>
</testsuite>